<?xml version="1.0" encoding="UTF-8"?>
<!-- Generated by org.testng.reporters.JUnitReportReporter -->
<testsuite hostname="Rithik" failures="0" tests="1" name="com.rithik.D7.D7T2" time="0.009" errors="0" timestamp="2023-04-27T11:17:43 IST" skipped="0">
  <testcase classname="com.rithik.D7.D7T2" name="f" time="0.009"/>
  <system-out/>
</testsuite> <!-- com.rithik.D7.D7T2 -->
