<?xml version="1.0" encoding="UTF-8"?>
<!-- Generated by org.testng.reporters.JUnitReportReporter -->
<testsuite hostname="Rithik" failures="0" tests="2" name="com.rithik.D9.D9T2" time="53.645" errors="0" timestamp="2023-05-02T10:30:26 IST" skipped="0">
  <testcase classname="com.rithik.D9.D9T2" name="test1" time="25.500"/>
  <system-out/>
  <testcase classname="com.rithik.D9.D9T2" name="test2" time="28.145"/>
  <system-out/>
</testsuite> <!-- com.rithik.D9.D9T2 -->
