<?xml version="1.0" encoding="UTF-8"?>
<!-- Generated by org.testng.reporters.JUnitReportReporter -->
<testsuite hostname="Rithik" failures="0" tests="1" name="com.rithik.D9.D9T4" time="34.352" errors="0" timestamp="2023-05-02T11:42:47 IST" skipped="0">
  <testcase classname="com.rithik.D9.D9T4" name="f" time="34.352"/>
  <system-out/>
</testsuite> <!-- com.rithik.D9.D9T4 -->
