<?xml version="1.0" encoding="UTF-8"?>
<!-- Generated by org.testng.reporters.JUnitReportReporter -->
<testsuite hostname="Rithik" failures="0" tests="8" name="com.rithik.D9.D9T1" time="0.013" errors="0" timestamp="2023-05-02T09:58:48 IST" skipped="0">
  <testcase classname="com.rithik.D9.D9T1" name="div" time="0.000"/>
  <system-out/>
  <testcase classname="com.rithik.D9.D9T1" name="mul" time="0.001"/>
  <system-out/>
  <testcase classname="com.rithik.D9.D9T1" name="div" time="0.001"/>
  <system-out/>
  <testcase classname="com.rithik.D9.D9T1" name="mul" time="0.001"/>
  <system-out/>
  <testcase classname="com.rithik.D9.D9T1" name="add" time="0.007"/>
  <system-out/>
  <testcase classname="com.rithik.D9.D9T1" name="sub" time="0.001"/>
  <system-out/>
  <testcase classname="com.rithik.D9.D9T1" name="add" time="0.001"/>
  <system-out/>
  <testcase classname="com.rithik.D9.D9T1" name="sub" time="0.001"/>
  <system-out/>
</testsuite> <!-- com.rithik.D9.D9T1 -->
